[2025-07-19 14:16:39,427][clip_tuner.data.dataset_manager][INFO] - DataManager initialized
[2025-07-19 14:16:39,427][clip_tuner.data.dataset_manager][INFO] - Adding dataset: office-31, Domain: amazon
[2025-07-19 14:16:39,427][clip_tuner.data.dataset_manager][INFO] - Successfully added dataset office-31
[2025-07-19 14:16:39,427][clip_tuner.data.dataset_manager][INFO] - Adding dataset: office-31, Domain: dslr
[2025-07-19 14:16:39,427][clip_tuner.data.dataset_manager][INFO] - Successfully added dataset office-31
[2025-07-19 14:16:39,427][clip_tuner.data.dataset_manager][INFO] - Adding dataset: office-31, Domain: webcam
[2025-07-19 14:16:39,427][clip_tuner.data.dataset_manager][INFO] - Successfully added dataset office-31
[2025-07-19 14:16:39,427][clip_tuner.data.dataset_manager][INFO] - Adding dataset: domainnet, Domain: clipart
[2025-07-19 14:16:39,427][clip_tuner.data.dataset_manager][INFO] - Successfully added dataset domainnet
[2025-07-19 14:16:39,427][clip_tuner.data.dataset_manager][INFO] - Adding dataset: domainnet, Domain: infograph
[2025-07-19 14:16:39,427][clip_tuner.data.dataset_manager][INFO] - Successfully added dataset domainnet
[2025-07-19 14:16:39,427][clip_tuner.data.dataset_manager][INFO] - Adding dataset: domainnet, Domain: painting
[2025-07-19 14:16:39,428][clip_tuner.data.dataset_manager][INFO] - Successfully added dataset domainnet
[2025-07-19 14:16:39,428][clip_tuner.data.dataset_manager][INFO] - Adding dataset: domainnet, Domain: quickdraw
[2025-07-19 14:16:39,428][clip_tuner.data.dataset_manager][INFO] - Successfully added dataset domainnet
[2025-07-19 14:16:39,428][clip_tuner.data.dataset_manager][INFO] - Adding dataset: domainnet, Domain: real
[2025-07-19 14:16:39,428][clip_tuner.data.dataset_manager][INFO] - Successfully added dataset domainnet
[2025-07-19 14:16:39,428][clip_tuner.data.dataset_manager][INFO] - Adding dataset: domainnet, Domain: sketch
[2025-07-19 14:16:39,428][clip_tuner.data.dataset_manager][INFO] - Successfully added dataset domainnet
[2025-07-19 14:16:39,428][clip_tuner.data.dataset_manager][INFO] - Adding dataset: office-home, Domain: Art
[2025-07-19 14:16:39,428][clip_tuner.data.dataset_manager][INFO] - Successfully added dataset office-home
[2025-07-19 14:16:39,428][clip_tuner.data.dataset_manager][INFO] - Adding dataset: office-home, Domain: Clipart
[2025-07-19 14:16:39,428][clip_tuner.data.dataset_manager][INFO] - Successfully added dataset office-home
[2025-07-19 14:16:39,428][clip_tuner.data.dataset_manager][INFO] - Adding dataset: office-home, Domain: Product
[2025-07-19 14:16:39,428][clip_tuner.data.dataset_manager][INFO] - Successfully added dataset office-home
[2025-07-19 14:16:39,428][clip_tuner.data.dataset_manager][INFO] - Adding dataset: office-home, Domain: Real World
[2025-07-19 14:16:39,428][clip_tuner.data.dataset_manager][INFO] - Successfully added dataset office-home
[2025-07-19 14:16:39,428][clip_tuner.data.dataset_manager][INFO] - Adding dataset: visda-2017, Domain: synthetic
[2025-07-19 14:16:39,428][clip_tuner.data.dataset_manager][INFO] - Successfully added dataset visda-2017
[2025-07-19 14:16:39,429][clip_tuner.data.dataset_manager][INFO] - Adding dataset: visda-2017, Domain: real
[2025-07-19 14:16:39,429][clip_tuner.data.dataset_manager][INFO] - Successfully added dataset visda-2017
[2025-07-19 14:16:39,429][clip_tuner.data.dataset_manager][INFO] - Datasets information loaded successfully
[2025-07-19 14:16:39,429][clip_tuner.data.dataset_manager][INFO] - Getting dataset: office-31, Domain: amazon
[2025-07-19 14:16:39,429][clip_tuner.data.dataset_manager][INFO] - Dataset found: office-31, Domain: amazon
[2025-07-19 14:16:39,431][__main__][INFO] - Dataset({
    features: ['image', 'label'],
    num_rows: 2817
})
[2025-07-19 14:16:39,434][clip_tuner.models.model_manager][INFO] - ModelManager initialized
[2025-07-19 14:16:39,434][clip_tuner.models.model_manager][INFO] - Adding model: clip-vit-b-16-datacomp.l-s1b-b8k
[2025-07-19 14:16:39,434][clip_tuner.models.model_manager][INFO] - Successfully added modelclip-vit-b-16-datacomp.l-s1b-b8k
[2025-07-19 14:16:39,434][clip_tuner.models.model_manager][INFO] - Adding model: clip-vit-l-14-datacomp.xl-s13b-b90k
[2025-07-19 14:16:39,434][clip_tuner.models.model_manager][INFO] - Successfully added modelclip-vit-l-14-datacomp.xl-s13b-b90k
[2025-07-19 14:16:39,434][clip_tuner.models.model_manager][INFO] - Adding model: clip-vit-base-patch32
[2025-07-19 14:16:39,434][clip_tuner.models.model_manager][INFO] - Successfully added modelclip-vit-base-patch32
[2025-07-19 14:16:39,434][clip_tuner.models.model_manager][INFO] - Adding model: clip-vit-base-patch16
[2025-07-19 14:16:39,434][clip_tuner.models.model_manager][INFO] - Successfully added modelclip-vit-base-patch16
[2025-07-19 14:16:39,434][clip_tuner.models.model_manager][INFO] - Models information loaded successfully
[2025-07-19 14:16:39,434][clip_tuner.models.model_manager][INFO] - Getting model: clip-vit-base-patch16
[2025-07-19 14:16:39,434][clip_tuner.models.model_manager][INFO] - Model found: clip-vit-base-patch16
