2025-03-21 02:42:31 [DEBUG] [logger.py] [debug] [line 40] This is a debug message
2025-03-21 02:42:31 [INFO] [logger.py] [info] [line 43] This is an info message
2025-03-21 02:42:31 [WARNING] [logger.py] [warning] [line 46] This is a warning message
2025-03-21 02:42:31 [ERROR] [logger.py] [error] [line 49] This is an error message
2025-03-21 02:42:31 [CRITICAL] [logger.py] [critical] [line 52] This is a critical message
2025-03-21 02:43:10 [DEBUG] [<string>] [debug] [line 32] This is a debug message
2025-03-21 02:43:10 [INFO] [<string>] [info] [line 34] This is an info message
2025-03-21 02:43:10 [WARNING] [<string>] [warning] [line 36] This is a warning message
2025-03-21 02:43:10 [ERROR] [<string>] [error] [line 38] This is an error message
2025-03-21 02:43:10 [CRITICAL] [<string>] [critical] [line 40] This is a critical message
2025-03-21 12:05:31 [INFO] [logger.py] [info] [line 43] Starting main program
2025-03-21 12:05:31 [INFO] [logger.py] [info] [line 43] Starting main program
2025-03-21 12:05:31 [INFO] [logger.py] [info] [line 43] DataManager initialized
2025-03-21 12:05:31 [INFO] [logger.py] [info] [line 43] DataManager initialized
2025-03-21 12:05:31 [INFO] [logger.py] [info] [line 43] Loading datasets from JSON file: ./configs/datasets_info.json
2025-03-21 12:05:31 [INFO] [logger.py] [info] [line 43] Loading datasets from JSON file: ./configs/datasets_info.json
2025-03-21 12:05:31 [DEBUG] [logger.py] [debug] [line 40] Processing dataset: office-31
2025-03-21 12:05:31 [DEBUG] [logger.py] [debug] [line 40] Processing dataset: office-31
2025-03-21 12:05:31 [INFO] [logger.py] [info] [line 43] Adding dataset: office-31, Domain: amazon
2025-03-21 12:05:31 [INFO] [logger.py] [info] [line 43] Adding dataset: office-31, Domain: amazon
2025-03-21 12:05:31 [INFO] [logger.py] [info] [line 43] Dataset added successfully: office-31, Domain: amazon
2025-03-21 12:05:31 [INFO] [logger.py] [info] [line 43] Dataset added successfully: office-31, Domain: amazon
2025-03-21 12:05:31 [INFO] [logger.py] [info] [line 43] Adding dataset: office-31, Domain: dslr
2025-03-21 12:05:31 [INFO] [logger.py] [info] [line 43] Adding dataset: office-31, Domain: dslr
2025-03-21 12:05:31 [INFO] [logger.py] [info] [line 43] Dataset added successfully: office-31, Domain: dslr
2025-03-21 12:05:31 [INFO] [logger.py] [info] [line 43] Dataset added successfully: office-31, Domain: dslr
2025-03-21 12:05:31 [INFO] [logger.py] [info] [line 43] Adding dataset: office-31, Domain: webcam
2025-03-21 12:05:31 [INFO] [logger.py] [info] [line 43] Adding dataset: office-31, Domain: webcam
2025-03-21 12:05:31 [INFO] [logger.py] [info] [line 43] Dataset added successfully: office-31, Domain: webcam
2025-03-21 12:05:31 [INFO] [logger.py] [info] [line 43] Dataset added successfully: office-31, Domain: webcam
2025-03-21 12:05:32 [INFO] [logger.py] [info] [line 43] Datasets information loaded successfully
2025-03-21 12:05:32 [INFO] [logger.py] [info] [line 43] Datasets information loaded successfully
2025-03-21 12:05:32 [INFO] [logger.py] [info] [line 43] Listing all datasets
2025-03-21 12:05:32 [INFO] [logger.py] [info] [line 43] Listing all datasets
2025-03-21 12:05:32 [INFO] [logger.py] [info] [line 43] Dataset: office-31, Domain: amazon, Directory: /mnt/nas-data/work-data/datasets/images/office-31/amazon/images/, Classes: 31
2025-03-21 12:05:32 [INFO] [logger.py] [info] [line 43] Dataset: office-31, Domain: amazon, Directory: /mnt/nas-data/work-data/datasets/images/office-31/amazon/images/, Classes: 31
2025-03-21 12:05:32 [INFO] [logger.py] [info] [line 43] Dataset: office-31, Domain: dslr, Directory: /mnt/nas-data/work-data/datasets/images/office-31/dslr/images/, Classes: 31
2025-03-21 12:05:32 [INFO] [logger.py] [info] [line 43] Dataset: office-31, Domain: dslr, Directory: /mnt/nas-data/work-data/datasets/images/office-31/dslr/images/, Classes: 31
2025-03-21 12:05:32 [INFO] [logger.py] [info] [line 43] Dataset: office-31, Domain: webcam, Directory: /mnt/nas-data/work-data/datasets/images/office-31/webcam/images/, Classes: 31
2025-03-21 12:05:32 [INFO] [logger.py] [info] [line 43] Dataset: office-31, Domain: webcam, Directory: /mnt/nas-data/work-data/datasets/images/office-31/webcam/images/, Classes: 31
2025-03-21 12:05:32 [INFO] [logger.py] [info] [line 43] Main program completed
2025-03-21 12:05:32 [INFO] [logger.py] [info] [line 43] Main program completed
2025-03-21 20:11:36 [INFO] [logger.py] [info] [line 43] Starting main program
2025-03-21 20:11:36 [INFO] [logger.py] [info] [line 43] Starting main program
2025-03-21 20:11:36 [INFO] [logger.py] [info] [line 43] DataManager initialized
2025-03-21 20:11:36 [INFO] [logger.py] [info] [line 43] DataManager initialized
2025-03-21 20:11:36 [INFO] [logger.py] [info] [line 43] Loading datasets from JSON file: ./configs/datasets_info.json
2025-03-21 20:11:36 [INFO] [logger.py] [info] [line 43] Loading datasets from JSON file: ./configs/datasets_info.json
2025-03-21 20:11:36 [DEBUG] [logger.py] [debug] [line 40] Processing dataset: office-31
2025-03-21 20:11:36 [DEBUG] [logger.py] [debug] [line 40] Processing dataset: office-31
2025-03-21 20:11:36 [INFO] [logger.py] [info] [line 43] Adding dataset: office-31, Domain: amazon
2025-03-21 20:11:36 [INFO] [logger.py] [info] [line 43] Adding dataset: office-31, Domain: amazon
2025-03-21 20:11:36 [INFO] [logger.py] [info] [line 43] Dataset added successfully: office-31, Domain: amazon
2025-03-21 20:11:36 [INFO] [logger.py] [info] [line 43] Dataset added successfully: office-31, Domain: amazon
2025-03-21 20:11:36 [INFO] [logger.py] [info] [line 43] Adding dataset: office-31, Domain: dslr
2025-03-21 20:11:36 [INFO] [logger.py] [info] [line 43] Adding dataset: office-31, Domain: dslr
2025-03-21 20:11:36 [INFO] [logger.py] [info] [line 43] Dataset added successfully: office-31, Domain: dslr
2025-03-21 20:11:36 [INFO] [logger.py] [info] [line 43] Dataset added successfully: office-31, Domain: dslr
2025-03-21 20:11:36 [INFO] [logger.py] [info] [line 43] Adding dataset: office-31, Domain: webcam
2025-03-21 20:11:36 [INFO] [logger.py] [info] [line 43] Adding dataset: office-31, Domain: webcam
2025-03-21 20:11:36 [INFO] [logger.py] [info] [line 43] Dataset added successfully: office-31, Domain: webcam
2025-03-21 20:11:36 [INFO] [logger.py] [info] [line 43] Dataset added successfully: office-31, Domain: webcam
2025-03-21 20:11:36 [INFO] [logger.py] [info] [line 43] Datasets information loaded successfully
2025-03-21 20:11:36 [INFO] [logger.py] [info] [line 43] Datasets information loaded successfully
2025-03-21 20:11:36 [INFO] [logger.py] [info] [line 43] Listing all datasets
2025-03-21 20:11:36 [INFO] [logger.py] [info] [line 43] Listing all datasets
2025-03-21 20:11:36 [INFO] [logger.py] [info] [line 43] Dataset: office-31, Domain: amazon, Directory: /mnt/nas-data/work-data/datasets/images/office-31/amazon/images/, Classes: 31
2025-03-21 20:11:36 [INFO] [logger.py] [info] [line 43] Dataset: office-31, Domain: amazon, Directory: /mnt/nas-data/work-data/datasets/images/office-31/amazon/images/, Classes: 31
2025-03-21 20:11:36 [INFO] [logger.py] [info] [line 43] Dataset: office-31, Domain: dslr, Directory: /mnt/nas-data/work-data/datasets/images/office-31/dslr/images/, Classes: 31
2025-03-21 20:11:36 [INFO] [logger.py] [info] [line 43] Dataset: office-31, Domain: dslr, Directory: /mnt/nas-data/work-data/datasets/images/office-31/dslr/images/, Classes: 31
2025-03-21 20:11:36 [INFO] [logger.py] [info] [line 43] Dataset: office-31, Domain: webcam, Directory: /mnt/nas-data/work-data/datasets/images/office-31/webcam/images/, Classes: 31
2025-03-21 20:11:36 [INFO] [logger.py] [info] [line 43] Dataset: office-31, Domain: webcam, Directory: /mnt/nas-data/work-data/datasets/images/office-31/webcam/images/, Classes: 31
2025-03-21 20:11:36 [INFO] [logger.py] [info] [line 43] Main program completed
2025-03-21 20:11:36 [INFO] [logger.py] [info] [line 43] Main program completed
2025-03-21 20:31:18 [INFO] [logger.py] [info] [line 49] Starting main program
2025-03-21 20:31:18 [INFO] [logger.py] [info] [line 49] Starting main program
2025-03-21 20:31:18 [INFO] [logger.py] [info] [line 49] DataManager initialized
2025-03-21 20:31:18 [INFO] [logger.py] [info] [line 49] DataManager initialized
2025-03-21 20:31:18 [INFO] [logger.py] [info] [line 49] Loading datasets from JSON file: ./configs/datasets_info.json
2025-03-21 20:31:18 [INFO] [logger.py] [info] [line 49] Loading datasets from JSON file: ./configs/datasets_info.json
2025-03-21 20:31:18 [DEBUG] [logger.py] [debug] [line 46] Processing dataset: office-31
2025-03-21 20:31:18 [DEBUG] [logger.py] [debug] [line 46] Processing dataset: office-31
2025-03-21 20:31:18 [INFO] [logger.py] [info] [line 49] Adding dataset: office-31, Domain: amazon
2025-03-21 20:31:18 [INFO] [logger.py] [info] [line 49] Adding dataset: office-31, Domain: amazon
2025-03-21 20:31:18 [INFO] [logger.py] [info] [line 49] Dataset added successfully: office-31, Domain: amazon
2025-03-21 20:31:18 [INFO] [logger.py] [info] [line 49] Dataset added successfully: office-31, Domain: amazon
2025-03-21 20:31:18 [INFO] [logger.py] [info] [line 49] Adding dataset: office-31, Domain: dslr
2025-03-21 20:31:18 [INFO] [logger.py] [info] [line 49] Adding dataset: office-31, Domain: dslr
2025-03-21 20:31:18 [INFO] [logger.py] [info] [line 49] Dataset added successfully: office-31, Domain: dslr
2025-03-21 20:31:18 [INFO] [logger.py] [info] [line 49] Dataset added successfully: office-31, Domain: dslr
2025-03-21 20:31:18 [INFO] [logger.py] [info] [line 49] Adding dataset: office-31, Domain: webcam
2025-03-21 20:31:18 [INFO] [logger.py] [info] [line 49] Adding dataset: office-31, Domain: webcam
2025-03-21 20:31:18 [INFO] [logger.py] [info] [line 49] Dataset added successfully: office-31, Domain: webcam
2025-03-21 20:31:18 [INFO] [logger.py] [info] [line 49] Dataset added successfully: office-31, Domain: webcam
2025-03-21 20:31:18 [INFO] [logger.py] [info] [line 49] Datasets information loaded successfully
2025-03-21 20:31:18 [INFO] [logger.py] [info] [line 49] Datasets information loaded successfully
2025-03-21 20:31:18 [INFO] [logger.py] [info] [line 49] Listing all datasets
2025-03-21 20:31:18 [INFO] [logger.py] [info] [line 49] Listing all datasets
2025-03-21 20:31:18 [INFO] [logger.py] [info] [line 49] Dataset: office-31, Domain: amazon, Directory: /mnt/nas-data/work-data/datasets/images/office-31/amazon/images/, Classes: 31
2025-03-21 20:31:18 [INFO] [logger.py] [info] [line 49] Dataset: office-31, Domain: amazon, Directory: /mnt/nas-data/work-data/datasets/images/office-31/amazon/images/, Classes: 31
2025-03-21 20:31:18 [INFO] [logger.py] [info] [line 49] Dataset: office-31, Domain: dslr, Directory: /mnt/nas-data/work-data/datasets/images/office-31/dslr/images/, Classes: 31
2025-03-21 20:31:18 [INFO] [logger.py] [info] [line 49] Dataset: office-31, Domain: dslr, Directory: /mnt/nas-data/work-data/datasets/images/office-31/dslr/images/, Classes: 31
2025-03-21 20:31:18 [INFO] [logger.py] [info] [line 49] Dataset: office-31, Domain: webcam, Directory: /mnt/nas-data/work-data/datasets/images/office-31/webcam/images/, Classes: 31
2025-03-21 20:31:18 [INFO] [logger.py] [info] [line 49] Dataset: office-31, Domain: webcam, Directory: /mnt/nas-data/work-data/datasets/images/office-31/webcam/images/, Classes: 31
2025-03-21 20:31:18 [INFO] [logger.py] [info] [line 49] Getting dataset: office-31, Domain: webcam
2025-03-21 20:31:18 [INFO] [logger.py] [info] [line 49] Getting dataset: office-31, Domain: webcam
2025-03-21 20:31:18 [INFO] [logger.py] [info] [line 49] Dataset found: office-31, Domain: webcam
2025-03-21 20:31:18 [INFO] [logger.py] [info] [line 49] Dataset found: office-31, Domain: webcam
2025-03-21 20:31:18 [INFO] [logger.py] [info] [line 49] Main program completed
2025-03-21 20:31:18 [INFO] [logger.py] [info] [line 49] Main program completed
2025-03-21 20:32:07 [INFO] [logger.py] [info] [line 49] Starting main program
2025-03-21 20:32:07 [INFO] [logger.py] [info] [line 49] Starting main program
2025-03-21 20:32:07 [INFO] [logger.py] [info] [line 49] DataManager initialized
2025-03-21 20:32:07 [INFO] [logger.py] [info] [line 49] DataManager initialized
2025-03-21 20:32:07 [INFO] [logger.py] [info] [line 49] Loading datasets from JSON file: ./configs/datasets_info.json
2025-03-21 20:32:07 [INFO] [logger.py] [info] [line 49] Loading datasets from JSON file: ./configs/datasets_info.json
2025-03-21 20:32:07 [DEBUG] [logger.py] [debug] [line 46] Processing dataset: office-31
2025-03-21 20:32:07 [DEBUG] [logger.py] [debug] [line 46] Processing dataset: office-31
2025-03-21 20:32:07 [INFO] [logger.py] [info] [line 49] Adding dataset: office-31, Domain: amazon
2025-03-21 20:32:07 [INFO] [logger.py] [info] [line 49] Adding dataset: office-31, Domain: amazon
2025-03-21 20:32:07 [INFO] [logger.py] [info] [line 49] Dataset added successfully: office-31, Domain: amazon
2025-03-21 20:32:07 [INFO] [logger.py] [info] [line 49] Dataset added successfully: office-31, Domain: amazon
2025-03-21 20:32:07 [INFO] [logger.py] [info] [line 49] Adding dataset: office-31, Domain: dslr
2025-03-21 20:32:07 [INFO] [logger.py] [info] [line 49] Adding dataset: office-31, Domain: dslr
2025-03-21 20:32:07 [INFO] [logger.py] [info] [line 49] Dataset added successfully: office-31, Domain: dslr
2025-03-21 20:32:07 [INFO] [logger.py] [info] [line 49] Dataset added successfully: office-31, Domain: dslr
2025-03-21 20:32:07 [INFO] [logger.py] [info] [line 49] Adding dataset: office-31, Domain: webcam
2025-03-21 20:32:07 [INFO] [logger.py] [info] [line 49] Adding dataset: office-31, Domain: webcam
2025-03-21 20:32:07 [INFO] [logger.py] [info] [line 49] Dataset added successfully: office-31, Domain: webcam
2025-03-21 20:32:07 [INFO] [logger.py] [info] [line 49] Dataset added successfully: office-31, Domain: webcam
2025-03-21 20:32:07 [INFO] [logger.py] [info] [line 49] Datasets information loaded successfully
2025-03-21 20:32:07 [INFO] [logger.py] [info] [line 49] Datasets information loaded successfully
2025-03-21 20:32:07 [INFO] [logger.py] [info] [line 49] Listing all datasets
2025-03-21 20:32:07 [INFO] [logger.py] [info] [line 49] Listing all datasets
2025-03-21 20:32:07 [INFO] [logger.py] [info] [line 49] Dataset: office-31, Domain: amazon, Directory: /mnt/nas-data/work-data/datasets/images/office-31/amazon/images/, Classes: 31
2025-03-21 20:32:07 [INFO] [logger.py] [info] [line 49] Dataset: office-31, Domain: amazon, Directory: /mnt/nas-data/work-data/datasets/images/office-31/amazon/images/, Classes: 31
2025-03-21 20:32:07 [INFO] [logger.py] [info] [line 49] Dataset: office-31, Domain: dslr, Directory: /mnt/nas-data/work-data/datasets/images/office-31/dslr/images/, Classes: 31
2025-03-21 20:32:07 [INFO] [logger.py] [info] [line 49] Dataset: office-31, Domain: dslr, Directory: /mnt/nas-data/work-data/datasets/images/office-31/dslr/images/, Classes: 31
2025-03-21 20:32:07 [INFO] [logger.py] [info] [line 49] Dataset: office-31, Domain: webcam, Directory: /mnt/nas-data/work-data/datasets/images/office-31/webcam/images/, Classes: 31
2025-03-21 20:32:07 [INFO] [logger.py] [info] [line 49] Dataset: office-31, Domain: webcam, Directory: /mnt/nas-data/work-data/datasets/images/office-31/webcam/images/, Classes: 31
2025-03-21 20:32:07 [INFO] [logger.py] [info] [line 49] Getting dataset: office-31, Domain: webcam
2025-03-21 20:32:07 [INFO] [logger.py] [info] [line 49] Getting dataset: office-31, Domain: webcam
2025-03-21 20:32:07 [INFO] [logger.py] [info] [line 49] Dataset found: office-31, Domain: webcam
2025-03-21 20:32:07 [INFO] [logger.py] [info] [line 49] Dataset found: office-31, Domain: webcam
2025-03-21 20:32:07 [INFO] [logger.py] [info] [line 49] Main program completed
2025-03-21 20:32:07 [INFO] [logger.py] [info] [line 49] Main program completed
2025-03-21 20:51:22 [INFO] [logger.py] [info] [line 49] Starting main program
2025-03-21 20:51:22 [INFO] [logger.py] [info] [line 49] Starting main program
2025-03-21 20:51:22 [INFO] [logger.py] [info] [line 49] DataManager initialized
2025-03-21 20:51:22 [INFO] [logger.py] [info] [line 49] DataManager initialized
2025-03-21 20:51:22 [INFO] [logger.py] [info] [line 49] Loading datasets from JSON file: ./configs/datasets_info.json
2025-03-21 20:51:22 [INFO] [logger.py] [info] [line 49] Loading datasets from JSON file: ./configs/datasets_info.json
2025-03-21 20:51:22 [DEBUG] [logger.py] [debug] [line 46] Processing dataset: office-31
2025-03-21 20:51:22 [DEBUG] [logger.py] [debug] [line 46] Processing dataset: office-31
2025-03-21 20:51:22 [INFO] [logger.py] [info] [line 49] Adding dataset: office-31, Domain: amazon
2025-03-21 20:51:22 [INFO] [logger.py] [info] [line 49] Adding dataset: office-31, Domain: amazon
2025-03-21 20:51:22 [INFO] [logger.py] [info] [line 49] Dataset added successfully: office-31, Domain: amazon
2025-03-21 20:51:22 [INFO] [logger.py] [info] [line 49] Dataset added successfully: office-31, Domain: amazon
2025-03-21 20:51:22 [INFO] [logger.py] [info] [line 49] Adding dataset: office-31, Domain: dslr
2025-03-21 20:51:22 [INFO] [logger.py] [info] [line 49] Adding dataset: office-31, Domain: dslr
2025-03-21 20:51:22 [INFO] [logger.py] [info] [line 49] Dataset added successfully: office-31, Domain: dslr
2025-03-21 20:51:22 [INFO] [logger.py] [info] [line 49] Dataset added successfully: office-31, Domain: dslr
2025-03-21 20:51:22 [INFO] [logger.py] [info] [line 49] Adding dataset: office-31, Domain: webcam
2025-03-21 20:51:22 [INFO] [logger.py] [info] [line 49] Adding dataset: office-31, Domain: webcam
2025-03-21 20:51:22 [INFO] [logger.py] [info] [line 49] Dataset added successfully: office-31, Domain: webcam
2025-03-21 20:51:22 [INFO] [logger.py] [info] [line 49] Dataset added successfully: office-31, Domain: webcam
2025-03-21 20:51:22 [INFO] [logger.py] [info] [line 49] Datasets information loaded successfully
2025-03-21 20:51:22 [INFO] [logger.py] [info] [line 49] Datasets information loaded successfully
2025-03-21 20:51:22 [INFO] [logger.py] [info] [line 49] Listing all datasets
2025-03-21 20:51:22 [INFO] [logger.py] [info] [line 49] Listing all datasets
2025-03-21 20:51:22 [INFO] [logger.py] [info] [line 49] Dataset: office-31, Domain: amazon, Directory: /mnt/nas-data/work-data/datasets/images/office-31/amazon/images/, Classes: 31
2025-03-21 20:51:22 [INFO] [logger.py] [info] [line 49] Dataset: office-31, Domain: amazon, Directory: /mnt/nas-data/work-data/datasets/images/office-31/amazon/images/, Classes: 31
2025-03-21 20:51:22 [INFO] [logger.py] [info] [line 49] Dataset: office-31, Domain: dslr, Directory: /mnt/nas-data/work-data/datasets/images/office-31/dslr/images/, Classes: 31
2025-03-21 20:51:22 [INFO] [logger.py] [info] [line 49] Dataset: office-31, Domain: dslr, Directory: /mnt/nas-data/work-data/datasets/images/office-31/dslr/images/, Classes: 31
2025-03-21 20:51:22 [INFO] [logger.py] [info] [line 49] Dataset: office-31, Domain: webcam, Directory: /mnt/nas-data/work-data/datasets/images/office-31/webcam/images/, Classes: 31
2025-03-21 20:51:22 [INFO] [logger.py] [info] [line 49] Dataset: office-31, Domain: webcam, Directory: /mnt/nas-data/work-data/datasets/images/office-31/webcam/images/, Classes: 31
2025-03-21 20:51:22 [INFO] [logger.py] [info] [line 49] Getting dataset: office-31, Domain: webcam
2025-03-21 20:51:22 [INFO] [logger.py] [info] [line 49] Getting dataset: office-31, Domain: webcam
2025-03-21 20:51:22 [INFO] [logger.py] [info] [line 49] Dataset found: office-31, Domain: webcam
2025-03-21 20:51:22 [INFO] [logger.py] [info] [line 49] Dataset found: office-31, Domain: webcam
2025-03-21 20:51:22 [INFO] [logger.py] [info] [line 49] Main program completed
2025-03-21 20:51:22 [INFO] [logger.py] [info] [line 49] Main program completed
2025-03-21 20:51:37 [INFO] [logger.py] [info] [line 49] Starting main program
2025-03-21 20:51:37 [INFO] [logger.py] [info] [line 49] Starting main program
2025-03-21 20:51:37 [INFO] [logger.py] [info] [line 49] DataManager initialized
2025-03-21 20:51:37 [INFO] [logger.py] [info] [line 49] DataManager initialized
2025-03-21 20:51:37 [INFO] [logger.py] [info] [line 49] Loading datasets from JSON file: ./configs/datasets_info.json
2025-03-21 20:51:37 [INFO] [logger.py] [info] [line 49] Loading datasets from JSON file: ./configs/datasets_info.json
2025-03-21 20:51:37 [DEBUG] [logger.py] [debug] [line 46] Processing dataset: office-31
2025-03-21 20:51:37 [DEBUG] [logger.py] [debug] [line 46] Processing dataset: office-31
2025-03-21 20:51:37 [INFO] [logger.py] [info] [line 49] Adding dataset: office-31, Domain: amazon
2025-03-21 20:51:37 [INFO] [logger.py] [info] [line 49] Adding dataset: office-31, Domain: amazon
2025-03-21 20:51:37 [INFO] [logger.py] [info] [line 49] Dataset added successfully: office-31, Domain: amazon
2025-03-21 20:51:37 [INFO] [logger.py] [info] [line 49] Dataset added successfully: office-31, Domain: amazon
2025-03-21 20:51:37 [INFO] [logger.py] [info] [line 49] Adding dataset: office-31, Domain: dslr
2025-03-21 20:51:37 [INFO] [logger.py] [info] [line 49] Adding dataset: office-31, Domain: dslr
2025-03-21 20:51:37 [INFO] [logger.py] [info] [line 49] Dataset added successfully: office-31, Domain: dslr
2025-03-21 20:51:37 [INFO] [logger.py] [info] [line 49] Dataset added successfully: office-31, Domain: dslr
2025-03-21 20:51:37 [INFO] [logger.py] [info] [line 49] Adding dataset: office-31, Domain: webcam
2025-03-21 20:51:37 [INFO] [logger.py] [info] [line 49] Adding dataset: office-31, Domain: webcam
2025-03-21 20:51:37 [INFO] [logger.py] [info] [line 49] Dataset added successfully: office-31, Domain: webcam
2025-03-21 20:51:37 [INFO] [logger.py] [info] [line 49] Dataset added successfully: office-31, Domain: webcam
2025-03-21 20:51:37 [INFO] [logger.py] [info] [line 49] Datasets information loaded successfully
2025-03-21 20:51:37 [INFO] [logger.py] [info] [line 49] Datasets information loaded successfully
2025-03-21 20:51:37 [INFO] [logger.py] [info] [line 49] Listing all datasets
2025-03-21 20:51:37 [INFO] [logger.py] [info] [line 49] Listing all datasets
2025-03-21 20:51:37 [INFO] [logger.py] [info] [line 49] Dataset: office-31, Domain: amazon, Directory: /mnt/nas-data/work-data/datasets/images/office-31/amazon/images/, Classes: 31
2025-03-21 20:51:37 [INFO] [logger.py] [info] [line 49] Dataset: office-31, Domain: amazon, Directory: /mnt/nas-data/work-data/datasets/images/office-31/amazon/images/, Classes: 31
2025-03-21 20:51:37 [INFO] [logger.py] [info] [line 49] Dataset: office-31, Domain: dslr, Directory: /mnt/nas-data/work-data/datasets/images/office-31/dslr/images/, Classes: 31
2025-03-21 20:51:37 [INFO] [logger.py] [info] [line 49] Dataset: office-31, Domain: dslr, Directory: /mnt/nas-data/work-data/datasets/images/office-31/dslr/images/, Classes: 31
2025-03-21 20:51:37 [INFO] [logger.py] [info] [line 49] Dataset: office-31, Domain: webcam, Directory: /mnt/nas-data/work-data/datasets/images/office-31/webcam/images/, Classes: 31
2025-03-21 20:51:37 [INFO] [logger.py] [info] [line 49] Dataset: office-31, Domain: webcam, Directory: /mnt/nas-data/work-data/datasets/images/office-31/webcam/images/, Classes: 31
2025-03-21 20:51:37 [INFO] [logger.py] [info] [line 49] Getting dataset: office-31, Domain: webcam
2025-03-21 20:51:37 [INFO] [logger.py] [info] [line 49] Getting dataset: office-31, Domain: webcam
2025-03-21 20:51:37 [INFO] [logger.py] [info] [line 49] Dataset found: office-31, Domain: webcam
2025-03-21 20:51:37 [INFO] [logger.py] [info] [line 49] Dataset found: office-31, Domain: webcam
2025-03-21 20:51:38 [INFO] [logger.py] [info] [line 49] Main program completed
2025-03-21 20:51:38 [INFO] [logger.py] [info] [line 49] Main program completed
2025-03-21 20:58:48 [INFO] [logger.py] [info] [line 49] Starting main program
2025-03-21 20:58:48 [INFO] [logger.py] [info] [line 49] Starting main program
2025-03-21 20:58:48 [INFO] [logger.py] [info] [line 49] DataManager initialized
2025-03-21 20:58:48 [INFO] [logger.py] [info] [line 49] DataManager initialized
2025-03-21 20:58:48 [INFO] [logger.py] [info] [line 49] Loading datasets from JSON file: ./configs/datasets_info.json
2025-03-21 20:58:48 [INFO] [logger.py] [info] [line 49] Loading datasets from JSON file: ./configs/datasets_info.json
2025-03-21 20:58:48 [DEBUG] [logger.py] [debug] [line 46] Processing dataset: office-31
2025-03-21 20:58:48 [DEBUG] [logger.py] [debug] [line 46] Processing dataset: office-31
2025-03-21 20:58:48 [INFO] [logger.py] [info] [line 49] Adding dataset: office-31, Domain: amazon
2025-03-21 20:58:48 [INFO] [logger.py] [info] [line 49] Adding dataset: office-31, Domain: amazon
2025-03-21 20:58:48 [INFO] [logger.py] [info] [line 49] Dataset added successfully: office-31, Domain: amazon
2025-03-21 20:58:48 [INFO] [logger.py] [info] [line 49] Dataset added successfully: office-31, Domain: amazon
2025-03-21 20:58:48 [INFO] [logger.py] [info] [line 49] Adding dataset: office-31, Domain: dslr
2025-03-21 20:58:48 [INFO] [logger.py] [info] [line 49] Adding dataset: office-31, Domain: dslr
2025-03-21 20:58:48 [INFO] [logger.py] [info] [line 49] Dataset added successfully: office-31, Domain: dslr
2025-03-21 20:58:48 [INFO] [logger.py] [info] [line 49] Dataset added successfully: office-31, Domain: dslr
2025-03-21 20:58:48 [INFO] [logger.py] [info] [line 49] Adding dataset: office-31, Domain: webcam
2025-03-21 20:58:48 [INFO] [logger.py] [info] [line 49] Adding dataset: office-31, Domain: webcam
2025-03-21 20:58:48 [INFO] [logger.py] [info] [line 49] Dataset added successfully: office-31, Domain: webcam
2025-03-21 20:58:48 [INFO] [logger.py] [info] [line 49] Dataset added successfully: office-31, Domain: webcam
2025-03-21 20:58:48 [INFO] [logger.py] [info] [line 49] Datasets information loaded successfully
2025-03-21 20:58:48 [INFO] [logger.py] [info] [line 49] Datasets information loaded successfully
2025-03-21 20:58:48 [INFO] [logger.py] [info] [line 49] Listing all datasets
2025-03-21 20:58:48 [INFO] [logger.py] [info] [line 49] Listing all datasets
2025-03-21 20:58:48 [INFO] [logger.py] [info] [line 49] Dataset: office-31, Domain: amazon, Directory: /mnt/nas-data/work-data/datasets/images/office-31/amazon/images/, Classes: 31
2025-03-21 20:58:48 [INFO] [logger.py] [info] [line 49] Dataset: office-31, Domain: amazon, Directory: /mnt/nas-data/work-data/datasets/images/office-31/amazon/images/, Classes: 31
2025-03-21 20:58:48 [INFO] [logger.py] [info] [line 49] Dataset: office-31, Domain: dslr, Directory: /mnt/nas-data/work-data/datasets/images/office-31/dslr/images/, Classes: 31
2025-03-21 20:58:48 [INFO] [logger.py] [info] [line 49] Dataset: office-31, Domain: dslr, Directory: /mnt/nas-data/work-data/datasets/images/office-31/dslr/images/, Classes: 31
2025-03-21 20:58:48 [INFO] [logger.py] [info] [line 49] Dataset: office-31, Domain: webcam, Directory: /mnt/nas-data/work-data/datasets/images/office-31/webcam/images/, Classes: 31
2025-03-21 20:58:48 [INFO] [logger.py] [info] [line 49] Dataset: office-31, Domain: webcam, Directory: /mnt/nas-data/work-data/datasets/images/office-31/webcam/images/, Classes: 31
2025-03-21 20:58:48 [INFO] [logger.py] [info] [line 49] Getting dataset: office-31, Domain: webcam
2025-03-21 20:58:48 [INFO] [logger.py] [info] [line 49] Getting dataset: office-31, Domain: webcam
2025-03-21 20:58:48 [INFO] [logger.py] [info] [line 49] Dataset found: office-31, Domain: webcam
2025-03-21 20:58:48 [INFO] [logger.py] [info] [line 49] Dataset found: office-31, Domain: webcam
2025-03-21 20:58:49 [INFO] [logger.py] [info] [line 49] Main program completed
2025-03-21 20:58:49 [INFO] [logger.py] [info] [line 49] Main program completed
2025-03-24 01:01:56 [INFO] [logger.py] [info] [line 49] Starting main program
2025-03-24 01:01:56 [INFO] [logger.py] [info] [line 49] Configuration:
DATA:
  IMAGE_MEAN: [0.485, 0.456, 0.406]
  IMAGE_SIZE: 224
  IMAGE_STD: [0.229, 0.224, 0.225]
MODEL:
  HIDDEN_SIZE: 768
  NUM_LABELS: 10
TRAIN:
  BATCH_SIZE: 32
  LEARNING_RATE: 0.001
  NUM_EPOCHS: 10
2025-03-24 01:01:56 [INFO] [logger.py] [info] [line 49] DataManager initialized
2025-03-24 01:01:56 [INFO] [logger.py] [info] [line 49] Loading datasets from JSON file: ./configs/datasets_info.json
2025-03-24 01:01:56 [DEBUG] [logger.py] [debug] [line 46] Processing dataset: office-31
2025-03-24 01:01:56 [INFO] [logger.py] [info] [line 49] Adding dataset: office-31, Domain: amazon
2025-03-24 01:01:56 [INFO] [logger.py] [info] [line 49] Dataset added successfully: office-31, Domain: amazon
2025-03-24 01:01:56 [INFO] [logger.py] [info] [line 49] Adding dataset: office-31, Domain: dslr
2025-03-24 01:01:56 [INFO] [logger.py] [info] [line 49] Dataset added successfully: office-31, Domain: dslr
2025-03-24 01:01:56 [INFO] [logger.py] [info] [line 49] Adding dataset: office-31, Domain: webcam
2025-03-24 01:01:56 [INFO] [logger.py] [info] [line 49] Dataset added successfully: office-31, Domain: webcam
2025-03-24 01:01:56 [INFO] [logger.py] [info] [line 49] Datasets information loaded successfully
2025-03-24 01:01:56 [INFO] [logger.py] [info] [line 49] Listing all datasets
2025-03-24 01:01:56 [INFO] [logger.py] [info] [line 49] Dataset: office-31, Domain: amazon, Directory: /mnt/nas-data/work-data/datasets/images/office-31/amazon/images/, Classes: 31
2025-03-24 01:01:56 [INFO] [logger.py] [info] [line 49] Dataset: office-31, Domain: dslr, Directory: /mnt/nas-data/work-data/datasets/images/office-31/dslr/images/, Classes: 31
2025-03-24 01:01:57 [INFO] [logger.py] [info] [line 49] Dataset: office-31, Domain: webcam, Directory: /mnt/nas-data/work-data/datasets/images/office-31/webcam/images/, Classes: 31
2025-03-24 01:01:57 [INFO] [logger.py] [info] [line 49] Getting dataset: office-31, Domain: webcam
2025-03-24 01:01:57 [INFO] [logger.py] [info] [line 49] Dataset found: office-31, Domain: webcam
2025-03-24 01:01:57 [INFO] [logger.py] [info] [line 49] Main program completed
